2025-06-10 20:02:17.458  INFO 24516 --- [main] com.example.backend.BackendApplication   : Starting BackendApplication using Java 11.0.26 on Aman-PC with PID 24516 (C:\Users\amans\Downloads\backend\backend\target\classes started by amans in C:\Users\amans\Downloads\backend\backend)
2025-06-10 20:02:17.466 DEBUG 24516 --- [main] com.example.backend.BackendApplication   : Running with Spring Boot v2.7.18, Spring v5.3.31
2025-06-10 20:02:17.467  INFO 24516 --- [main] com.example.backend.BackendApplication   : No active profile set, falling back to 1 default profile: "default"
2025-06-10 20:02:18.658  INFO 24516 --- [main] .s.d.r.c.RepositoryConfigurationDelegate : Bootstrapping Spring Data JPA repositories in DEFAULT mode.
2025-06-10 20:02:18.748  INFO 24516 --- [main] .s.d.r.c.RepositoryConfigurationDelegate : Finished Spring Data repository scanning in 76 ms. Found 1 JPA repository interfaces.
2025-06-10 20:02:20.082  INFO 24516 --- [main] o.s.b.w.embedded.tomcat.TomcatWebServer  : Tomcat initialized with port(s): 8080 (http)
2025-06-10 20:02:20.096  INFO 24516 --- [main] o.apache.catalina.core.StandardService   : Starting service [Tomcat]
2025-06-10 20:02:20.097  INFO 24516 --- [main] org.apache.catalina.core.StandardEngine  : Starting Servlet engine: [Apache Tomcat/9.0.83]
2025-06-10 20:02:20.328  INFO 24516 --- [main] o.a.c.c.C.[Tomcat].[localhost].[/]       : Initializing Spring embedded WebApplicationContext
2025-06-10 20:02:20.329  INFO 24516 --- [main] w.s.c.ServletWebServerApplicationContext : Root WebApplicationContext: initialization completed in 2786 ms
2025-06-10 20:02:20.393  INFO 24516 --- [main] com.zaxxer.hikari.HikariDataSource       : HikariPool-1 - Starting...
2025-06-10 20:02:20.845  INFO 24516 --- [main] com.zaxxer.hikari.HikariDataSource       : HikariPool-1 - Start completed.
2025-06-10 20:02:20.870  INFO 24516 --- [main] o.s.b.a.h2.H2ConsoleAutoConfiguration    : H2 console available at '/h2-console'. Database available at 'jdbc:h2:mem:testdb'
2025-06-10 20:02:21.145  INFO 24516 --- [main] o.hibernate.jpa.internal.util.LogHelper  : HHH000204: Processing PersistenceUnitInfo [name: default]
2025-06-10 20:02:21.268  INFO 24516 --- [main] org.hibernate.Version                    : HHH000412: Hibernate ORM core version 5.6.15.Final
2025-06-10 20:02:21.628  INFO 24516 --- [main] o.hibernate.annotations.common.Version   : HCANN000001: Hibernate Commons Annotations {5.1.2.Final}
2025-06-10 20:02:21.867  INFO 24516 --- [main] org.hibernate.dialect.Dialect            : HHH000400: Using dialect: org.hibernate.dialect.H2Dialect
2025-06-10 20:02:23.005  INFO 24516 --- [main] o.h.e.t.j.p.i.JtaPlatformInitiator       : HHH000490: Using JtaPlatform implementation: [org.hibernate.engine.transaction.jta.platform.internal.NoJtaPlatform]
2025-06-10 20:02:23.020  INFO 24516 --- [main] j.LocalContainerEntityManagerFactoryBean : Initialized JPA EntityManagerFactory for persistence unit 'default'
2025-06-10 20:02:23.824  INFO 24516 --- [main] c.example.backend.config.UserDataLoader  : Starting initial data load from external API
2025-06-10 20:02:23.824 DEBUG 24516 --- [main] c.example.backend.config.UserDataLoader  : Fetching data from URL: https://dummyjson.com/users
2025-06-10 20:02:24.799  INFO 24516 --- [main] c.example.backend.config.UserDataLoader  : Successfully retrieved user data from API
2025-06-10 20:02:24.799  INFO 24516 --- [main] c.example.backend.config.UserDataLoader  : Processing up to 30 users from external API
2025-06-10 20:02:24.800  INFO 24516 --- [main] c.example.backend.config.UserDataLoader  : Processed 30 users from external API
2025-06-10 20:02:24.800  INFO 24516 --- [main] c.e.b.service.impl.UserServiceImpl       : Saving 30 users to database
2025-06-10 20:02:25.086 DEBUG 24516 --- [main] c.e.b.service.impl.UserServiceImpl       : Successfully saved 30 users to database
2025-06-10 20:02:25.086  INFO 24516 --- [main] c.example.backend.config.UserDataLoader  : Successfully loaded all users into database
2025-06-10 20:02:25.140  WARN 24516 --- [main] JpaBaseConfiguration$JpaWebConfiguration : spring.jpa.open-in-view is enabled by default. Therefore, database queries may be performed during view rendering. Explicitly configure spring.jpa.open-in-view to disable this warning
2025-06-10 20:02:25.504  INFO 24516 --- [main] o.s.b.w.embedded.tomcat.TomcatWebServer  : Tomcat started on port(s): 8080 (http) with context path ''
2025-06-10 20:02:25.518  INFO 24516 --- [main] com.example.backend.BackendApplication   : Started BackendApplication in 8.873 seconds (JVM running for 9.716)
2025-06-10 20:02:25.525  INFO 24516 --- [main] com.example.backend.BackendApplication   : Backend Application started successfully
2025-06-10 20:03:26.600  INFO 24516 --- [http-nio-8080-exec-1] o.a.c.c.C.[Tomcat].[localhost].[/]       : Initializing Spring DispatcherServlet 'dispatcherServlet'
2025-06-10 20:03:26.605  INFO 24516 --- [http-nio-8080-exec-1] o.s.web.servlet.DispatcherServlet        : Initializing Servlet 'dispatcherServlet'
2025-06-10 20:03:26.635  INFO 24516 --- [http-nio-8080-exec-1] o.s.web.servlet.DispatcherServlet        : Completed initialization in 29 ms
2025-06-10 20:03:26.702  INFO 24516 --- [http-nio-8080-exec-1] com.example.backend.config.LoggerConfig  : REQUEST [2b5fdee7-0993-40ca-b727-4da26d3799a3] GET /api/users from 0:0:0:0:0:0:0:1 - User-Agent: Mozilla/5.0 (Windows NT 10.0; Win64; x64) AppleWebKit/537.36 (KHTML, like Gecko) Chrome/137.0.0.0 Safari/537.36
2025-06-10 20:03:26.744  INFO 24516 --- [http-nio-8080-exec-1] c.e.backend.Controller.UserController    : REST request - Get all users
2025-06-10 20:03:26.744  INFO 24516 --- [http-nio-8080-exec-1] c.e.b.service.impl.UserServiceImpl       : Fetching all users from database
2025-06-10 20:03:27.113 DEBUG 24516 --- [http-nio-8080-exec-1] c.e.b.service.impl.UserServiceImpl       : Retrieved 30 users from database
2025-06-10 20:03:27.113 DEBUG 24516 --- [http-nio-8080-exec-1] c.e.backend.Controller.UserController    : Returning 30 users
2025-06-10 20:03:27.282  INFO 24516 --- [http-nio-8080-exec-1] com.example.backend.config.LoggerConfig  : RESPONSE [2b5fdee7-0993-40ca-b727-4da26d3799a3] GET /api/users - Status: 200
2025-06-10 20:03:27.381  INFO 24516 --- [http-nio-8080-exec-2] com.example.backend.config.LoggerConfig  : REQUEST [06789559-0e09-4cb4-927e-c1ba3a96c48c] GET /api/users from 0:0:0:0:0:0:0:1 - User-Agent: Mozilla/5.0 (Windows NT 10.0; Win64; x64) AppleWebKit/537.36 (KHTML, like Gecko) Chrome/137.0.0.0 Safari/537.36
2025-06-10 20:03:27.382  INFO 24516 --- [http-nio-8080-exec-2] c.e.backend.Controller.UserController    : REST request - Get all users
2025-06-10 20:03:27.382  INFO 24516 --- [http-nio-8080-exec-2] c.e.b.service.impl.UserServiceImpl       : Fetching all users from database
2025-06-10 20:03:27.392 DEBUG 24516 --- [http-nio-8080-exec-2] c.e.b.service.impl.UserServiceImpl       : Retrieved 30 users from database
2025-06-10 20:03:27.393 DEBUG 24516 --- [http-nio-8080-exec-2] c.e.backend.Controller.UserController    : Returning 30 users
2025-06-10 20:03:27.401  INFO 24516 --- [http-nio-8080-exec-2] com.example.backend.config.LoggerConfig  : RESPONSE [06789559-0e09-4cb4-927e-c1ba3a96c48c] GET /api/users - Status: 200
2025-06-10 20:03:50.579  INFO 24516 --- [http-nio-8080-exec-3] com.example.backend.config.LoggerConfig  : REQUEST [45f7f061-13f8-40eb-bc24-3cdb7a38b974] GET /api/users/search from 0:0:0:0:0:0:0:1 - User-Agent: Mozilla/5.0 (Windows NT 10.0; Win64; x64) AppleWebKit/537.36 (KHTML, like Gecko) Chrome/137.0.0.0 Safari/537.36
2025-06-10 20:03:50.605  INFO 24516 --- [http-nio-8080-exec-3] c.e.backend.Controller.UserController    : REST request - Search users with keyword: emily
2025-06-10 20:03:50.605  INFO 24516 --- [http-nio-8080-exec-3] c.e.b.service.impl.UserServiceImpl       : Searching users with keyword: emily
2025-06-10 20:03:50.646 DEBUG 24516 --- [http-nio-8080-exec-3] c.e.b.service.impl.UserServiceImpl       : Found 1 users matching keyword: emily
2025-06-10 20:03:50.646 DEBUG 24516 --- [http-nio-8080-exec-3] c.e.backend.Controller.UserController    : Found 1 users matching search criteria
2025-06-10 20:03:50.647  INFO 24516 --- [http-nio-8080-exec-3] com.example.backend.config.LoggerConfig  : RESPONSE [45f7f061-13f8-40eb-bc24-3cdb7a38b974] GET /api/users/search - Status: 200
2025-06-10 21:33:28.311  INFO 14288 --- [main] com.example.backend.BackendApplication   : Starting BackendApplication using Java 11.0.26 on Aman-PC with PID 14288 (C:\Users\amans\Downloads\backend\backend\target\classes started by amans in C:\Users\amans\Downloads\backend\backend)
2025-06-10 21:33:28.313 DEBUG 14288 --- [main] com.example.backend.BackendApplication   : Running with Spring Boot v2.7.18, Spring v5.3.31
2025-06-10 21:33:28.314  INFO 14288 --- [main] com.example.backend.BackendApplication   : No active profile set, falling back to 1 default profile: "default"
2025-06-10 21:33:29.566  INFO 14288 --- [main] .s.d.r.c.RepositoryConfigurationDelegate : Bootstrapping Spring Data JPA repositories in DEFAULT mode.
2025-06-10 21:33:29.645  INFO 14288 --- [main] .s.d.r.c.RepositoryConfigurationDelegate : Finished Spring Data repository scanning in 67 ms. Found 1 JPA repository interfaces.
2025-06-10 21:33:30.764  INFO 14288 --- [main] o.s.b.w.embedded.tomcat.TomcatWebServer  : Tomcat initialized with port(s): 8080 (http)
2025-06-10 21:33:30.788  INFO 14288 --- [main] o.apache.catalina.core.StandardService   : Starting service [Tomcat]
2025-06-10 21:33:30.789  INFO 14288 --- [main] org.apache.catalina.core.StandardEngine  : Starting Servlet engine: [Apache Tomcat/9.0.83]
2025-06-10 21:33:30.947  INFO 14288 --- [main] o.a.c.c.C.[Tomcat].[localhost].[/]       : Initializing Spring embedded WebApplicationContext
2025-06-10 21:33:30.947  INFO 14288 --- [main] w.s.c.ServletWebServerApplicationContext : Root WebApplicationContext: initialization completed in 2562 ms
2025-06-10 21:33:30.988  INFO 14288 --- [main] com.zaxxer.hikari.HikariDataSource       : HikariPool-1 - Starting...
2025-06-10 21:33:31.296  INFO 14288 --- [main] com.zaxxer.hikari.HikariDataSource       : HikariPool-1 - Start completed.
2025-06-10 21:33:31.309  INFO 14288 --- [main] o.s.b.a.h2.H2ConsoleAutoConfiguration    : H2 console available at '/h2-console'. Database available at 'jdbc:h2:mem:testdb'
2025-06-10 21:33:31.474  INFO 14288 --- [main] o.hibernate.jpa.internal.util.LogHelper  : HHH000204: Processing PersistenceUnitInfo [name: default]
2025-06-10 21:33:31.552  INFO 14288 --- [main] org.hibernate.Version                    : HHH000412: Hibernate ORM core version 5.6.15.Final
2025-06-10 21:33:31.739  INFO 14288 --- [main] o.hibernate.annotations.common.Version   : HCANN000001: Hibernate Commons Annotations {5.1.2.Final}
2025-06-10 21:33:31.926  INFO 14288 --- [main] org.hibernate.dialect.Dialect            : HHH000400: Using dialect: org.hibernate.dialect.H2Dialect
2025-06-10 21:33:32.699  INFO 14288 --- [main] o.h.e.t.j.p.i.JtaPlatformInitiator       : HHH000490: Using JtaPlatform implementation: [org.hibernate.engine.transaction.jta.platform.internal.NoJtaPlatform]
2025-06-10 21:33:32.708  INFO 14288 --- [main] j.LocalContainerEntityManagerFactoryBean : Initialized JPA EntityManagerFactory for persistence unit 'default'
2025-06-10 21:33:32.833  INFO 14288 --- [main] c.example.backend.config.UserDataLoader  : Starting initial data load from external API
2025-06-10 21:33:32.833 DEBUG 14288 --- [main] c.example.backend.config.UserDataLoader  : Fetching data from URL: https://dummyjson.com/users
2025-06-10 21:33:33.713  INFO 14288 --- [main] c.example.backend.config.UserDataLoader  : Successfully retrieved user data from API
2025-06-10 21:33:33.713  INFO 14288 --- [main] c.example.backend.config.UserDataLoader  : Processing up to 30 users from external API
2025-06-10 21:33:33.714  INFO 14288 --- [main] c.example.backend.config.UserDataLoader  : Processed 30 users from external API
2025-06-10 21:33:33.714  INFO 14288 --- [main] c.e.b.service.impl.UserServiceImpl       : Saving 30 users to database
2025-06-10 21:33:33.718 ERROR 14288 --- [main] c.e.b.service.impl.UserServiceImpl       : Error saving users to database

java.lang.NullPointerException: null
	at com.example.backend.service.impl.UserServiceImpl.saveAll(UserServiceImpl.java:81) ~[classes/:na]
	at com.example.backend.config.UserDataLoader.loadData(UserDataLoader.java:82) ~[classes/:na]
	at java.base/jdk.internal.reflect.NativeMethodAccessorImpl.invoke0(Native Method) ~[na:na]
	at java.base/jdk.internal.reflect.NativeMethodAccessorImpl.invoke(NativeMethodAccessorImpl.java:62) ~[na:na]
	at java.base/jdk.internal.reflect.DelegatingMethodAccessorImpl.invoke(DelegatingMethodAccessorImpl.java:43) ~[na:na]
	at java.base/java.lang.reflect.Method.invoke(Method.java:566) ~[na:na]
	at org.springframework.beans.factory.annotation.InitDestroyAnnotationBeanPostProcessor$LifecycleElement.invoke(InitDestroyAnnotationBeanPostProcessor.java:389) ~[spring-beans-5.3.31.jar:5.3.31]
	at org.springframework.beans.factory.annotation.InitDestroyAnnotationBeanPostProcessor$LifecycleMetadata.invokeInitMethods(InitDestroyAnnotationBeanPostProcessor.java:333) ~[spring-beans-5.3.31.jar:5.3.31]
	at org.springframework.beans.factory.annotation.InitDestroyAnnotationBeanPostProcessor.postProcessBeforeInitialization(InitDestroyAnnotationBeanPostProcessor.java:157) ~[spring-beans-5.3.31.jar:5.3.31]
	at org.springframework.beans.factory.support.AbstractAutowireCapableBeanFactory.applyBeanPostProcessorsBeforeInitialization(AbstractAutowireCapableBeanFactory.java:440) ~[spring-beans-5.3.31.jar:5.3.31]
	at org.springframework.beans.factory.support.AbstractAutowireCapableBeanFactory.initializeBean(AbstractAutowireCapableBeanFactory.java:1796) ~[spring-beans-5.3.31.jar:5.3.31]
	at org.springframework.beans.factory.support.AbstractAutowireCapableBeanFactory.doCreateBean(AbstractAutowireCapableBeanFactory.java:620) ~[spring-beans-5.3.31.jar:5.3.31]
	at org.springframework.beans.factory.support.AbstractAutowireCapableBeanFactory.createBean(AbstractAutowireCapableBeanFactory.java:542) ~[spring-beans-5.3.31.jar:5.3.31]
	at org.springframework.beans.factory.support.AbstractBeanFactory.lambda$doGetBean$0(AbstractBeanFactory.java:335) ~[spring-beans-5.3.31.jar:5.3.31]
	at org.springframework.beans.factory.support.DefaultSingletonBeanRegistry.getSingleton(DefaultSingletonBeanRegistry.java:234) ~[spring-beans-5.3.31.jar:5.3.31]
	at org.springframework.beans.factory.support.AbstractBeanFactory.doGetBean(AbstractBeanFactory.java:333) ~[spring-beans-5.3.31.jar:5.3.31]
	at org.springframework.beans.factory.support.AbstractBeanFactory.getBean(AbstractBeanFactory.java:208) ~[spring-beans-5.3.31.jar:5.3.31]
	at org.springframework.beans.factory.support.DefaultListableBeanFactory.preInstantiateSingletons(DefaultListableBeanFactory.java:955) ~[spring-beans-5.3.31.jar:5.3.31]
	at org.springframework.context.support.AbstractApplicationContext.finishBeanFactoryInitialization(AbstractApplicationContext.java:929) ~[spring-context-5.3.31.jar:5.3.31]
	at org.springframework.context.support.AbstractApplicationContext.refresh(AbstractApplicationContext.java:591) ~[spring-context-5.3.31.jar:5.3.31]
	at org.springframework.boot.web.servlet.context.ServletWebServerApplicationContext.refresh(ServletWebServerApplicationContext.java:147) ~[spring-boot-2.7.18.jar:2.7.18]
	at org.springframework.boot.SpringApplication.refresh(SpringApplication.java:732) ~[spring-boot-2.7.18.jar:2.7.18]
	at org.springframework.boot.SpringApplication.refreshContext(SpringApplication.java:409) ~[spring-boot-2.7.18.jar:2.7.18]
	at org.springframework.boot.SpringApplication.run(SpringApplication.java:308) ~[spring-boot-2.7.18.jar:2.7.18]
	at org.springframework.boot.SpringApplication.run(SpringApplication.java:1300) ~[spring-boot-2.7.18.jar:2.7.18]
	at org.springframework.boot.SpringApplication.run(SpringApplication.java:1289) ~[spring-boot-2.7.18.jar:2.7.18]
	at com.example.backend.BackendApplication.main(BackendApplication.java:16) ~[classes/:na]

2025-06-10 21:33:33.719 ERROR 14288 --- [main] c.example.backend.config.UserDataLoader  : Error occurred while loading initial data

java.lang.NullPointerException: null
	at com.example.backend.service.impl.UserServiceImpl.saveAll(UserServiceImpl.java:81) ~[classes/:na]
	at com.example.backend.config.UserDataLoader.loadData(UserDataLoader.java:82) ~[classes/:na]
	at java.base/jdk.internal.reflect.NativeMethodAccessorImpl.invoke0(Native Method) ~[na:na]
	at java.base/jdk.internal.reflect.NativeMethodAccessorImpl.invoke(NativeMethodAccessorImpl.java:62) ~[na:na]
	at java.base/jdk.internal.reflect.DelegatingMethodAccessorImpl.invoke(DelegatingMethodAccessorImpl.java:43) ~[na:na]
	at java.base/java.lang.reflect.Method.invoke(Method.java:566) ~[na:na]
	at org.springframework.beans.factory.annotation.InitDestroyAnnotationBeanPostProcessor$LifecycleElement.invoke(InitDestroyAnnotationBeanPostProcessor.java:389) ~[spring-beans-5.3.31.jar:5.3.31]
	at org.springframework.beans.factory.annotation.InitDestroyAnnotationBeanPostProcessor$LifecycleMetadata.invokeInitMethods(InitDestroyAnnotationBeanPostProcessor.java:333) ~[spring-beans-5.3.31.jar:5.3.31]
	at org.springframework.beans.factory.annotation.InitDestroyAnnotationBeanPostProcessor.postProcessBeforeInitialization(InitDestroyAnnotationBeanPostProcessor.java:157) ~[spring-beans-5.3.31.jar:5.3.31]
	at org.springframework.beans.factory.support.AbstractAutowireCapableBeanFactory.applyBeanPostProcessorsBeforeInitialization(AbstractAutowireCapableBeanFactory.java:440) ~[spring-beans-5.3.31.jar:5.3.31]
	at org.springframework.beans.factory.support.AbstractAutowireCapableBeanFactory.initializeBean(AbstractAutowireCapableBeanFactory.java:1796) ~[spring-beans-5.3.31.jar:5.3.31]
	at org.springframework.beans.factory.support.AbstractAutowireCapableBeanFactory.doCreateBean(AbstractAutowireCapableBeanFactory.java:620) ~[spring-beans-5.3.31.jar:5.3.31]
	at org.springframework.beans.factory.support.AbstractAutowireCapableBeanFactory.createBean(AbstractAutowireCapableBeanFactory.java:542) ~[spring-beans-5.3.31.jar:5.3.31]
	at org.springframework.beans.factory.support.AbstractBeanFactory.lambda$doGetBean$0(AbstractBeanFactory.java:335) ~[spring-beans-5.3.31.jar:5.3.31]
	at org.springframework.beans.factory.support.DefaultSingletonBeanRegistry.getSingleton(DefaultSingletonBeanRegistry.java:234) ~[spring-beans-5.3.31.jar:5.3.31]
	at org.springframework.beans.factory.support.AbstractBeanFactory.doGetBean(AbstractBeanFactory.java:333) ~[spring-beans-5.3.31.jar:5.3.31]
	at org.springframework.beans.factory.support.AbstractBeanFactory.getBean(AbstractBeanFactory.java:208) ~[spring-beans-5.3.31.jar:5.3.31]
	at org.springframework.beans.factory.support.DefaultListableBeanFactory.preInstantiateSingletons(DefaultListableBeanFactory.java:955) ~[spring-beans-5.3.31.jar:5.3.31]
	at org.springframework.context.support.AbstractApplicationContext.finishBeanFactoryInitialization(AbstractApplicationContext.java:929) ~[spring-context-5.3.31.jar:5.3.31]
	at org.springframework.context.support.AbstractApplicationContext.refresh(AbstractApplicationContext.java:591) ~[spring-context-5.3.31.jar:5.3.31]
	at org.springframework.boot.web.servlet.context.ServletWebServerApplicationContext.refresh(ServletWebServerApplicationContext.java:147) ~[spring-boot-2.7.18.jar:2.7.18]
	at org.springframework.boot.SpringApplication.refresh(SpringApplication.java:732) ~[spring-boot-2.7.18.jar:2.7.18]
	at org.springframework.boot.SpringApplication.refreshContext(SpringApplication.java:409) ~[spring-boot-2.7.18.jar:2.7.18]
	at org.springframework.boot.SpringApplication.run(SpringApplication.java:308) ~[spring-boot-2.7.18.jar:2.7.18]
	at org.springframework.boot.SpringApplication.run(SpringApplication.java:1300) ~[spring-boot-2.7.18.jar:2.7.18]
	at org.springframework.boot.SpringApplication.run(SpringApplication.java:1289) ~[spring-boot-2.7.18.jar:2.7.18]
	at com.example.backend.BackendApplication.main(BackendApplication.java:16) ~[classes/:na]

2025-06-10 21:33:33.758  WARN 14288 --- [main] JpaBaseConfiguration$JpaWebConfiguration : spring.jpa.open-in-view is enabled by default. Therefore, database queries may be performed during view rendering. Explicitly configure spring.jpa.open-in-view to disable this warning
2025-06-10 21:33:34.468  INFO 14288 --- [main] o.s.b.w.embedded.tomcat.TomcatWebServer  : Tomcat started on port(s): 8080 (http) with context path ''
2025-06-10 21:33:34.481  INFO 14288 --- [main] com.example.backend.BackendApplication   : Started BackendApplication in 6.747 seconds (JVM running for 7.348)
2025-06-10 21:33:34.485  INFO 14288 --- [main] com.example.backend.BackendApplication   : Backend Application started successfully
2025-06-10 21:34:09.748  INFO 19624 --- [main] com.example.backend.BackendApplication   : Starting BackendApplication using Java 11.0.26 on Aman-PC with PID 19624 (C:\Users\amans\Downloads\backend\backend\target\classes started by amans in C:\Users\amans\Downloads\backend\backend)
2025-06-10 21:34:09.749 DEBUG 19624 --- [main] com.example.backend.BackendApplication   : Running with Spring Boot v2.7.18, Spring v5.3.31
2025-06-10 21:34:09.750  INFO 19624 --- [main] com.example.backend.BackendApplication   : No active profile set, falling back to 1 default profile: "default"
2025-06-10 21:34:10.870  INFO 19624 --- [main] .s.d.r.c.RepositoryConfigurationDelegate : Bootstrapping Spring Data JPA repositories in DEFAULT mode.
2025-06-10 21:34:10.974  INFO 19624 --- [main] .s.d.r.c.RepositoryConfigurationDelegate : Finished Spring Data repository scanning in 79 ms. Found 1 JPA repository interfaces.
2025-06-10 21:34:12.164  INFO 19624 --- [main] o.s.b.w.embedded.tomcat.TomcatWebServer  : Tomcat initialized with port(s): 8080 (http)
2025-06-10 21:34:12.173  INFO 19624 --- [main] o.apache.catalina.core.StandardService   : Starting service [Tomcat]
2025-06-10 21:34:12.173  INFO 19624 --- [main] org.apache.catalina.core.StandardEngine  : Starting Servlet engine: [Apache Tomcat/9.0.83]
2025-06-10 21:34:12.281  INFO 19624 --- [main] o.a.c.c.C.[Tomcat].[localhost].[/]       : Initializing Spring embedded WebApplicationContext
2025-06-10 21:34:12.281  INFO 19624 --- [main] w.s.c.ServletWebServerApplicationContext : Root WebApplicationContext: initialization completed in 2474 ms
2025-06-10 21:34:12.312  INFO 19624 --- [main] com.zaxxer.hikari.HikariDataSource       : HikariPool-1 - Starting...
2025-06-10 21:34:12.582  INFO 19624 --- [main] com.zaxxer.hikari.HikariDataSource       : HikariPool-1 - Start completed.
2025-06-10 21:34:12.595  INFO 19624 --- [main] o.s.b.a.h2.H2ConsoleAutoConfiguration    : H2 console available at '/h2-console'. Database available at 'jdbc:h2:mem:testdb'
2025-06-10 21:34:12.748  INFO 19624 --- [main] o.hibernate.jpa.internal.util.LogHelper  : HHH000204: Processing PersistenceUnitInfo [name: default]
2025-06-10 21:34:12.800  INFO 19624 --- [main] org.hibernate.Version                    : HHH000412: Hibernate ORM core version 5.6.15.Final
2025-06-10 21:34:12.976  INFO 19624 --- [main] o.hibernate.annotations.common.Version   : HCANN000001: Hibernate Commons Annotations {5.1.2.Final}
2025-06-10 21:34:13.137  INFO 19624 --- [main] org.hibernate.dialect.Dialect            : HHH000400: Using dialect: org.hibernate.dialect.H2Dialect
2025-06-10 21:34:13.781  INFO 19624 --- [main] o.h.e.t.j.p.i.JtaPlatformInitiator       : HHH000490: Using JtaPlatform implementation: [org.hibernate.engine.transaction.jta.platform.internal.NoJtaPlatform]
2025-06-10 21:34:13.792  INFO 19624 --- [main] j.LocalContainerEntityManagerFactoryBean : Initialized JPA EntityManagerFactory for persistence unit 'default'
2025-06-10 21:34:14.283  INFO 19624 --- [main] c.example.backend.config.UserDataLoader  : Starting initial data load from external API
2025-06-10 21:34:14.283 DEBUG 19624 --- [main] c.example.backend.config.UserDataLoader  : Fetching data from URL: https://dummyjson.com/users
2025-06-10 21:34:14.980  INFO 19624 --- [main] c.example.backend.config.UserDataLoader  : Successfully retrieved user data from API
2025-06-10 21:34:14.980  INFO 19624 --- [main] c.example.backend.config.UserDataLoader  : Processing up to 30 users from external API
2025-06-10 21:34:14.980  INFO 19624 --- [main] c.example.backend.config.UserDataLoader  : Processed 30 users from external API
2025-06-10 21:34:14.981  INFO 19624 --- [main] c.e.b.service.impl.UserServiceImpl       : Saving 30 users to database
2025-06-10 21:34:15.142 DEBUG 19624 --- [main] c.e.b.service.impl.UserServiceImpl       : Successfully saved 30 users to database
2025-06-10 21:34:15.142  INFO 19624 --- [main] c.example.backend.config.UserDataLoader  : Successfully loaded all users into database
2025-06-10 21:34:15.202  WARN 19624 --- [main] JpaBaseConfiguration$JpaWebConfiguration : spring.jpa.open-in-view is enabled by default. Therefore, database queries may be performed during view rendering. Explicitly configure spring.jpa.open-in-view to disable this warning
2025-06-10 21:34:15.601  INFO 19624 --- [main] o.s.b.w.embedded.tomcat.TomcatWebServer  : Tomcat started on port(s): 8080 (http) with context path ''
2025-06-10 21:34:15.609  INFO 19624 --- [main] com.example.backend.BackendApplication   : Started BackendApplication in 6.402 seconds (JVM running for 7.074)
2025-06-10 21:34:15.612  INFO 19624 --- [main] com.example.backend.BackendApplication   : Backend Application started successfully
2025-06-10 21:48:11.006  INFO 19624 --- [http-nio-8080-exec-2] o.a.c.c.C.[Tomcat].[localhost].[/]       : Initializing Spring DispatcherServlet 'dispatcherServlet'
2025-06-10 21:48:11.014  INFO 19624 --- [http-nio-8080-exec-2] o.s.web.servlet.DispatcherServlet        : Initializing Servlet 'dispatcherServlet'
2025-06-10 21:48:11.047  INFO 19624 --- [http-nio-8080-exec-2] o.s.web.servlet.DispatcherServlet        : Completed initialization in 33 ms
2025-06-10 21:48:11.111  INFO 19624 --- [http-nio-8080-exec-2] com.example.backend.config.LoggerConfig  : REQUEST [23afd8ba-1552-4b56-bf9a-ef4bc0b10173] GET /api/users from 0:0:0:0:0:0:0:1 - User-Agent: Mozilla/5.0 (Windows NT 10.0; Win64; x64) AppleWebKit/537.36 (KHTML, like Gecko) Chrome/137.0.0.0 Safari/537.36
2025-06-10 21:48:11.165  INFO 19624 --- [http-nio-8080-exec-2] c.e.backend.Controller.UserController    : REST request - Get all users
2025-06-10 21:48:11.166  INFO 19624 --- [http-nio-8080-exec-2] c.e.b.service.impl.UserServiceImpl       : Fetching all users from database
2025-06-10 21:48:11.473 DEBUG 19624 --- [http-nio-8080-exec-2] c.e.b.service.impl.UserServiceImpl       : Retrieved 30 users from database
2025-06-10 21:48:11.473 DEBUG 19624 --- [http-nio-8080-exec-2] c.e.backend.Controller.UserController    : Returning 30 users
2025-06-10 21:48:11.607  INFO 19624 --- [http-nio-8080-exec-2] com.example.backend.config.LoggerConfig  : RESPONSE [23afd8ba-1552-4b56-bf9a-ef4bc0b10173] GET /api/users - Status: 200
2025-06-10 21:48:11.644  INFO 19624 --- [http-nio-8080-exec-1] com.example.backend.config.LoggerConfig  : REQUEST [aa2239f1-bab7-4205-98db-adfd65130215] GET /api/users from 0:0:0:0:0:0:0:1 - User-Agent: Mozilla/5.0 (Windows NT 10.0; Win64; x64) AppleWebKit/537.36 (KHTML, like Gecko) Chrome/137.0.0.0 Safari/537.36
2025-06-10 21:48:11.645  INFO 19624 --- [http-nio-8080-exec-1] c.e.backend.Controller.UserController    : REST request - Get all users
2025-06-10 21:48:11.645  INFO 19624 --- [http-nio-8080-exec-1] c.e.b.service.impl.UserServiceImpl       : Fetching all users from database
2025-06-10 21:48:11.653 DEBUG 19624 --- [http-nio-8080-exec-1] c.e.b.service.impl.UserServiceImpl       : Retrieved 30 users from database
2025-06-10 21:48:11.654 DEBUG 19624 --- [http-nio-8080-exec-1] c.e.backend.Controller.UserController    : Returning 30 users
2025-06-10 21:48:11.657  INFO 19624 --- [http-nio-8080-exec-1] com.example.backend.config.LoggerConfig  : RESPONSE [aa2239f1-bab7-4205-98db-adfd65130215] GET /api/users - Status: 200
